<?xml version="1.0" encoding="UTF-8"?>
<testng-results skipped="0" failed="0" total="1" passed="1">
  <reporter-output>
  </reporter-output>
  <suite name="Suite" duration-ms="14860" started-at="2020-02-28T12:34:04Z" finished-at="2020-02-28T12:34:19Z">
    <groups>
    </groups>
    <test name="Test" duration-ms="14860" started-at="2020-02-28T12:34:04Z" finished-at="2020-02-28T12:34:19Z">
      <class name="TC_01">
        <test-method status="PASS" signature="test1()[pri:0, instance:TC_01@6767c1fc]" name="test1" duration-ms="14824" started-at="2020-02-28T18:04:04Z" finished-at="2020-02-28T18:04:19Z">
          <reporter-output>
          </reporter-output>
        </test-method> <!-- test1 -->
      </class> <!-- TC_01 -->
    </test> <!-- Test -->
  </suite> <!-- Suite -->
</testng-results>
