<?xml version="1.0" encoding="UTF-8"?>
<testng-results skipped="0" failed="0" total="1" passed="1">
  <reporter-output>
  </reporter-output>
  <suite name="Suite" duration-ms="38501" started-at="2020-03-09T16:35:25Z" finished-at="2020-03-09T16:36:03Z">
    <groups>
    </groups>
    <test name="Test" duration-ms="38501" started-at="2020-03-09T16:35:25Z" finished-at="2020-03-09T16:36:03Z">
      <class name="Tc_01">
        <test-method status="PASS" signature="openApplication()[pri:0, instance:Tc_01@6767c1fc]" name="openApplication" duration-ms="38413" started-at="2020-03-09T22:05:25Z" finished-at="2020-03-09T22:06:03Z">
          <reporter-output>
          </reporter-output>
        </test-method> <!-- openApplication -->
      </class> <!-- Tc_01 -->
    </test> <!-- Test -->
  </suite> <!-- Suite -->
</testng-results>
